[2023-01-08 11:40:41,959] INFO  Start application!
[2023-01-08 11:40:55,231] INFO  Confirm language settings!
[2023-01-08 11:40:59,341] INFO  Loading board...
[2023-01-08 11:40:59,668] INFO  Start game
[2023-01-08 11:42:43,297] INFO  Start application!
[2023-01-08 11:42:49,752] INFO  Cannot read from file!
[2023-01-08 11:42:56,895] INFO  Confirm language settings!
[2023-01-08 11:42:59,533] INFO  Confirm language settings!
[2023-01-08 11:43:01,246] INFO  Loading board...
[2023-01-08 11:43:01,529] INFO  Start game
[2023-01-08 11:44:57,942] INFO  Start application!
[2023-01-08 11:45:01,143] INFO  Confirm language settings!
[2023-01-08 11:45:02,981] INFO  Confirm language settings!
[2023-01-08 11:45:05,295] INFO  Loading board...
[2023-01-08 11:45:05,647] INFO  Start game
[2023-01-08 11:45:08,145] INFO  Back to menu
[2023-01-08 12:33:58,751] INFO  Start application!
[2023-01-08 12:34:03,296] INFO  Confirm language settings!
[2023-01-08 12:34:05,364] INFO  Loading board...
[2023-01-08 12:34:05,690] INFO  Start game
[2023-01-08 12:34:22,770] INFO  Back to menu
[2023-01-08 13:24:18,452] INFO  Start application!
[2023-01-08 13:24:27,312] INFO  Confirm language settings!
[2023-01-08 13:24:28,900] INFO  Loading board...
[2023-01-08 13:24:29,197] INFO  Start game
[2023-01-08 13:24:44,932] INFO  Start application!
[2023-01-08 13:24:51,343] INFO  Confirm language settings!
[2023-01-08 13:25:05,732] INFO  Cannot read from file!
[2023-01-08 13:25:08,877] INFO  Confirm language settings!
[2023-01-08 13:25:10,824] INFO  Loading board...
[2023-01-08 13:25:11,106] INFO  Start game
[2023-01-08 13:27:38,675] INFO  Start application!
[2023-01-08 13:29:39,585] INFO  Start application!
[2023-01-08 13:33:14,709] INFO  Start application!
[2023-01-08 13:34:18,541] INFO  Start application!
[2023-01-08 13:34:23,601] INFO  Confirm language settings!
[2023-01-08 13:34:31,809] INFO  Confirm language settings!
[2023-01-08 13:34:36,992] INFO  Confirm language settings!
[2023-01-08 13:38:26,009] INFO  Start application!
[2023-01-08 13:38:29,655] INFO  Bad game settings!
[2023-01-08 13:38:33,223] INFO  Loading board...
[2023-01-08 13:38:33,507] INFO  Start game
[2023-01-08 13:38:43,168] INFO  Start application!
[2023-01-08 13:39:00,123] INFO  Confirm language settings!
[2023-01-08 13:39:04,786] INFO  Loading board...
[2023-01-08 13:39:05,066] INFO  Start game
[2023-01-08 13:41:08,050] INFO  Start application!
[2023-01-08 13:41:11,337] INFO  Confirm language settings!
[2023-01-08 13:41:11,682] INFO  Bad game settings!
[2023-01-08 13:41:14,163] INFO  Loading board...
[2023-01-08 13:41:14,511] INFO  Start game
[2023-01-08 13:41:50,755] INFO  Start application!
[2023-01-08 13:41:54,876] INFO  Confirm language settings!
[2023-01-08 13:42:06,201] INFO  Loading board...
[2023-01-08 13:42:06,501] INFO  Start game
[2023-01-08 13:43:07,209] INFO  Back to menu
